\BOOKMARK [1][-]{section.1}{Introduction}{}% 1
\BOOKMARK [1][-]{section.2}{Overview}{}% 2
\BOOKMARK [1][-]{section.3}{Specification}{}% 3
\BOOKMARK [2][-]{subsection.3.1}{Orders}{section.3}% 4
\BOOKMARK [3][-]{subsubsection.3.1.1}{SubContract interface}{subsection.3.1}% 5
\BOOKMARK [3][-]{subsubsection.3.1.2}{Order message format}{subsection.3.1}% 6
\BOOKMARK [2][-]{subsection.3.2}{Ethereum Contract System}{section.3}% 7
\BOOKMARK [3][-]{subsubsection.3.2.1}{Introduction}{subsection.3.2}% 8
\BOOKMARK [3][-]{subsubsection.3.2.2}{Permission model}{subsection.3.2}% 9
\BOOKMARK [3][-]{subsubsection.3.2.3}{Architecture}{subsection.3.2}% 10
\BOOKMARK [3][-]{subsubsection.3.2.4}{Treasury}{subsection.3.2}% 11
\BOOKMARK [3][-]{subsubsection.3.2.5}{Poster bonding}{subsection.3.2}% 12
\BOOKMARK [3][-]{subsubsection.3.2.6}{Validator token-curated registry}{subsection.3.2}% 13
\BOOKMARK [2][-]{subsection.3.3}{Tendermint Network}{section.3}% 14
\BOOKMARK [3][-]{subsubsection.3.3.1}{Introduction}{subsection.3.3}% 15
\BOOKMARK [3][-]{subsubsection.3.3.2}{Architecture}{subsection.3.3}% 16
\BOOKMARK [3][-]{subsubsection.3.3.3}{Ethereum peg-zone}{subsection.3.3}% 17
\BOOKMARK [3][-]{subsubsection.3.3.4}{Poster access control}{subsection.3.3}% 18
\BOOKMARK [3][-]{subsubsection.3.3.5}{State model}{subsection.3.3}% 19
\BOOKMARK [3][-]{subsubsection.3.3.6}{Transaction types}{subsection.3.3}% 20
\BOOKMARK [3][-]{subsubsection.3.3.7}{Validator curation}{subsection.3.3}% 21
\BOOKMARK [2][-]{subsection.3.4}{Incentive Models}{section.3}% 22
\BOOKMARK [3][-]{subsubsection.3.4.1}{Sybil tolerance}{subsection.3.4}% 23
\BOOKMARK [3][-]{subsubsection.3.4.2}{Validator elections}{subsection.3.4}% 24
\BOOKMARK [3][-]{subsubsection.3.4.3}{Validator rewards}{subsection.3.4}% 25
\BOOKMARK [1][-]{section.4}{Token Distribution}{}% 26
\BOOKMARK [2][-]{subsection.4.1}{Overview}{section.4}% 27
\BOOKMARK [2][-]{subsection.4.2}{Mechanics}{section.4}% 28
\BOOKMARK [2][-]{subsection.4.3}{Ether to Kosu}{section.4}% 29
\BOOKMARK [2][-]{subsection.4.4}{Kosu to Ether}{section.4}% 30
\BOOKMARK [1][-]{section.5}{Future Work}{}% 31
